Using pre-set license
Built from '2020.3/staging' branch; Version is '2020.3.16f1 (049d6eca3c44) revision 302446'; Using compiler version '192528614'; Build Type 'Release'
OS: 'Windows 10 Home; OS build 19043.1165; Version 2009; 64bit' Language: 'en' Physical Memory: 3500 MB
BatchMode: 1, IsHumanControllingUs: 0, StartBugReporterOnCrash: 0, Is64bit: 1, IsPro: 0

 COMMAND LINE ARGUMENTS:
C:\Program Files\Unity\Hub\Editor\2020.3.16f1\Editor\Unity.exe
-adb2
-batchMode
-noUpm
-name
AssetImportWorker1
-projectPath
C:/Users/barno/Documents/GitHub/BrayGames/games/NiteFort
-logFile
Logs/AssetImportWorker1.log
-srvPort
52742
Successfully changed project path to: C:/Users/barno/Documents/GitHub/BrayGames/games/NiteFort
C:/Users/barno/Documents/GitHub/BrayGames/games/NiteFort
Using Asset Import Pipeline V2.
Refreshing native plugins compatible for Editor in 236.99 ms, found 2 plugins.
Preloading 0 native plugins for Editor in 0.00 ms.
Initialize engine version: 2020.3.16f1 (049d6eca3c44)
[Subsystems] Discovering subsystems at path C:/Program Files/Unity/Hub/Editor/2020.3.16f1/Editor/Data/Resources/UnitySubsystems
[Subsystems] Discovering subsystems at path C:/Users/barno/Documents/GitHub/BrayGames/games/NiteFort/Assets
GfxDevice: creating device client; threaded=0
Direct3D:
    Version:  Direct3D 11.0 [level 11.1]
    Renderer: AMD Radeon(TM) Vega 3 Graphics (ID=0x15d8)
    Vendor:   
    VRAM:     1750 MB
    Driver:   27.20.22025.1006
Shader 'Universal Render Pipeline/Particles/Lit': fallback shader 'Universal Render Pipeline/Particles/SimpleLit' not found
Initialize mono
Mono path[0] = 'C:/Program Files/Unity/Hub/Editor/2020.3.16f1/Editor/Data/Managed'
Mono path[1] = 'C:/Program Files/Unity/Hub/Editor/2020.3.16f1/Editor/Data/MonoBleedingEdge/lib/mono/unityjit'
Mono config path = 'C:/Program Files/Unity/Hub/Editor/2020.3.16f1/Editor/Data/MonoBleedingEdge/etc'
Using monoOptions --debugger-agent=transport=dt_socket,embedding=1,server=y,suspend=n,address=127.0.0.1:56192
Begin MonoManager ReloadAssembly
Registering precompiled unity dll's ...
Register platform support module: C:/Program Files/Unity/Hub/Editor/2020.3.16f1/Editor/Data/PlaybackEngines/WebGLSupport/UnityEditor.WebGL.Extensions.dll
Register platform support module: C:/Program Files/Unity/Hub/Editor/2020.3.16f1/Editor/Data/PlaybackEngines/WindowsStandaloneSupport/UnityEditor.WindowsStandalone.Extensions.dll
Registered in 0.007808 seconds.
Native extension for WindowsStandalone target not found
Native extension for WebGL target not found
Refreshing native plugins compatible for Editor in 146.39 ms, found 2 plugins.
Preloading 0 native plugins for Editor in 0.00 ms.
Mono: successfully reloaded assembly
- Completed reload, in  5.479 seconds
Domain Reload Profiling:
	ReloadAssembly (5480ms)
		BeginReloadAssembly (190ms)
			ExecutionOrderSort (0ms)
			DisableScriptedObjects (0ms)
			BackupInstance (0ms)
			ReleaseScriptingObjects (0ms)
			CreateAndSetChildDomain (3ms)
		EndReloadAssembly (1142ms)
			LoadAssemblies (182ms)
			RebuildTransferFunctionScriptingTraits (1ms)
			SetupTypeCache (278ms)
			ReleaseScriptCaches (0ms)
			RebuildScriptCaches (52ms)
			SetupLoadedEditorAssemblies (663ms)
				LogAssemblyErrors (0ms)
				InitializePlatformSupportModulesInManaged (12ms)
				SetLoadedEditorAssemblies (1ms)
				RefreshPlugins (147ms)
				BeforeProcessingInitializeOnLoad (31ms)
				ProcessInitializeOnLoadAttributes (210ms)
				ProcessInitializeOnLoadMethodAttributes (130ms)
				AfterProcessingInitializeOnLoad (0ms)
				EditorAssembliesLoaded (133ms)
			ExecutionOrderSort2 (0ms)
			AwakeInstancesAfterBackupRestoration (0ms)
Platform modules already initialized, skipping
Registering precompiled user dll's ...
Registered in 0.033272 seconds.
Begin MonoManager ReloadAssembly
Native extension for WindowsStandalone target not found
Native extension for WebGL target not found
Refreshing native plugins compatible for Editor in 128.28 ms, found 2 plugins.
Preloading 0 native plugins for Editor in 0.00 ms.
Mono: successfully reloaded assembly
- Completed reload, in  6.387 seconds
Domain Reload Profiling:
	ReloadAssembly (6394ms)
		BeginReloadAssembly (690ms)
			ExecutionOrderSort (1ms)
			DisableScriptedObjects (35ms)
			BackupInstance (0ms)
			ReleaseScriptingObjects (1ms)
			CreateAndSetChildDomain (142ms)
		EndReloadAssembly (5417ms)
			LoadAssemblies (405ms)
			RebuildTransferFunctionScriptingTraits (2ms)
			SetupTypeCache (2766ms)
			ReleaseScriptCaches (2ms)
			RebuildScriptCaches (121ms)
			SetupLoadedEditorAssemblies (1844ms)
				LogAssemblyErrors (0ms)
				InitializePlatformSupportModulesInManaged (30ms)
				SetLoadedEditorAssemblies (0ms)
				RefreshPlugins (128ms)
				BeforeProcessingInitializeOnLoad (283ms)
				ProcessInitializeOnLoadAttributes (1382ms)
				ProcessInitializeOnLoadMethodAttributes (6ms)
				AfterProcessingInitializeOnLoad (14ms)
				EditorAssembliesLoaded (1ms)
			ExecutionOrderSort2 (0ms)
			AwakeInstancesAfterBackupRestoration (12ms)
Platform modules already initialized, skipping
========================================================================
Worker process is ready to serve import requests
Shader 'Universal Render Pipeline/Particles/Lit': fallback shader 'Universal Render Pipeline/Particles/SimpleLit' not found
Launched and connected shader compiler UnityShaderCompiler.exe after 1.06 seconds
Refreshing native plugins compatible for Editor in 1.41 ms, found 2 plugins.
Preloading 0 native plugins for Editor in 0.00 ms.
Could not allocate 16424 bytes
Crash!!!
SymInit: Symbol-SearchPath: 'C:/Program Files/Unity/Hub/Editor/2020.3.16f1/Editor/Data/Mono;.;C:\Users\barno\Documents\GitHub\BrayGames\games\NiteFort;C:\Program Files\Unity\Hub\Editor\2020.3.16f1\Editor;C:\Windows;C:\Windows\system32;SRV*C:\websymbols*http://msdl.microsoft.com/download/symbols;', symOptions: 534, UserName: 'barno'
OS-Version: 10.0.0
C:\Program Files\Unity\Hub\Editor\2020.3.16f1\Editor\Unity.exe:Unity.exe (00007FF61BAF0000), size: 135028736 (result: 0), SymType: '-deferred-', PDB: '', fileVersion: 2020.3.16.40302
C:\Windows\SYSTEM32\ntdll.dll:ntdll.dll (00007FFEB0050000), size: 2052096 (result: 0), SymType: '-deferred-', PDB: '', fileVersion: 10.0.19041.1110
C:\Windows\System32\KERNEL32.DLL:KERNEL32.DLL (00007FFEAEDB0000), size: 774144 (result: 0), SymType: '-deferred-', PDB: '', fileVersion: 10.0.19041.1151
C:\Windows\System32\KERNELBASE.dll:KERNELBASE.dll (00007FFEADB20000), size: 2920448 (result: 0), SymType: '-deferred-', PDB: '', fileVersion: 10.0.19041.1151
C:\Windows\System32\CRYPT32.dll:CRYPT32.dll (00007FFEADF50000), size: 1437696 (result: 0), SymType: '-deferred-', PDB: '', fileVersion: 10.0.19041.844
C:\Windows\System32\ucrtbase.dll:ucrtbase.dll (00007FFEADE50000), size: 1048576 (result: 0), SymType: '-deferred-', PDB: '', fileVersion: 10.0.19041.789
C:\Windows\System32\USER32.dll:USER32.dll (00007FFEAF190000), size: 1703936 (result: 0), SymType: '-deferred-', PDB: '', fileVersion: 10.0.19041.1151
C:\Windows\System32\win32u.dll:win32u.dll (00007FFEADE20000), size: 139264 (result: 0), SymType: '-deferred-', PDB: '', fileVersion: 10.0.19041.1151
C:\Windows\System32\GDI32.dll:GDI32.dll (00007FFEAE800000), size: 172032 (result: 0), SymType: '-deferred-', PDB: '', fileVersion: 10.0.19041.746
C:\Windows\System32\gdi32full.dll:gdi32full.dll (00007FFEAD930000), size: 1093632 (result: 0), SymType: '-deferred-', PDB: '', fileVersion: 10.0.19041.1110
C:\Windows\System32\msvcp_win.dll:msvcp_win.dll (00007FFEAD890000), size: 643072 (result: 0), SymType: '-deferred-', PDB: '', fileVersion: 10.0.19041.789
C:\Windows\System32\ADVAPI32.dll:ADVAPI32.dll (00007FFEAE4A0000), size: 704512 (result: 0), SymType: '-deferred-', PDB: '', fileVersion: 10.0.19041.1052
C:\Windows\System32\msvcrt.dll:msvcrt.dll (00007FFEAECB0000), size: 647168 (result: 0), SymType: '-deferred-', PDB: '', fileVersion: 7.0.19041.546
C:\Windows\System32\sechost.dll:sechost.dll (00007FFEAF430000), size: 634880 (result: 0), SymType: '-deferred-', PDB: '', fileVersion: 10.0.19041.906
C:\Windows\System32\RPCRT4.dll:RPCRT4.dll (00007FFEAF060000), size: 1220608 (result: 0), SymType: '-deferred-', PDB: '', fileVersion: 10.0.19041.1081
C:\Windows\System32\SHELL32.dll:SHELL32.dll (00007FFEAF4D0000), size: 7598080 (result: 0), SymType: '-deferred-', PDB: '', fileVersion: 10.0.19041.1151
C:\Windows\System32\SHLWAPI.dll:SHLWAPI.dll (00007FFEAED50000), size: 348160 (result: 0), SymType: '-deferred-', PDB: '', fileVersion: 10.0.19041.1023
C:\Windows\System32\ole32.dll:ole32.dll (00007FFEAFE70000), size: 1220608 (result: 0), SymType: '-deferred-', PDB: '', fileVersion: 10.0.19041.746
C:\Windows\System32\combase.dll:combase.dll (00007FFEAE0D0000), size: 3493888 (result: 0), SymType: '-deferred-', PDB: '', fileVersion: 10.0.19041.1081
C:\Windows\System32\IMM32.dll:IMM32.dll (00007FFEAE630000), size: 196608 (result: 0), SymType: '-deferred-', PDB: '', fileVersion: 10.0.19041.546
C:\Windows\System32\SETUPAPI.dll:SETUPAPI.dll (00007FFEAE830000), size: 4661248 (result: 0), SymType: '-deferred-', PDB: '', fileVersion: 10.0.19041.1151
C:\Program Files\Unity\Hub\Editor\2020.3.16f1\Editor\optix.6.0.0.dll:optix.6.0.0.dll (00007FFE91B90000), size: 208896 (result: 0), SymType: '-deferred-', PDB: '', fileVersion: 6.0.0.0
C:\Windows\System32\cfgmgr32.dll:cfgmgr32.dll (00007FFEADA40000), size: 319488 (result: 0), SymType: '-deferred-', PDB: '', fileVersion: 10.0.19041.1151
C:\Windows\System32\bcrypt.dll:bcrypt.dll (00007FFEADDF0000), size: 159744 (result: 0), SymType: '-deferred-', PDB: '', fileVersion: 10.0.19041.1023
C:\Windows\System32\WS2_32.dll:WS2_32.dll (00007FFEAF3C0000), size: 438272 (result: 0), SymType: '-deferred-', PDB: '', fileVersion: 10.0.19041.546
C:\Windows\System32\OLEAUT32.dll:OLEAUT32.dll (00007FFEAE560000), size: 839680 (result: 0), SymType: '-deferred-', PDB: '', fileVersion: 10.0.19041.985
C:\Windows\System32\WINTRUST.dll:WINTRUST.dll (00007FFEAD780000), size: 393216 (result: 0), SymType: '-deferred-', PDB: '', fileVersion: 10.0.19041.1151
C:\Program Files\Unity\Hub\Editor\2020.3.16f1\Editor\OpenImageDenoise.dll:OpenImageDenoise.dll (00007FFE4F160000), size: 43806720 (result: 0), SymType: '-deferred-', PDB: ''
C:\Program Files\Unity\Hub\Editor\2020.3.16f1\Editor\umbraoptimizer64.dll:umbraoptimizer64.dll (00007FFE778B0000), size: 1306624 (result: 0), SymType: '-deferred-', PDB: ''
C:\Windows\System32\WLDAP32.dll:WLDAP32.dll (00007FFEAF000000), size: 352256 (result: 0), SymType: '-deferred-', PDB: '', fileVersion: 10.0.19041.546
C:\Windows\System32\Normaliz.dll:Normaliz.dll (00007FFEAE550000), size: 32768 (result: 0), SymType: '-deferred-', PDB: '', fileVersion: 10.0.19041.546
C:\Program Files\Unity\Hub\Editor\2020.3.16f1\Editor\ispc_texcomp.dll:ispc_texcomp.dll (00007FFE59D90000), size: 1609728 (result: 0), SymType: '-deferred-', PDB: ''
C:\Program Files\Unity\Hub\Editor\2020.3.16f1\Editor\WinPixEventRuntime.dll:WinPixEventRuntime.dll (00007FFE98800000), size: 45056 (result: 0), SymType: '-deferred-', PDB: '', fileVersion: 1.0.1812.6001
C:\Windows\SYSTEM32\OPENGL32.dll:OPENGL32.dll (00007FFE6ED70000), size: 1200128 (result: 0), SymType: '-deferred-', PDB: '', fileVersion: 10.0.19041.1081
C:\Windows\SYSTEM32\GLU32.dll:GLU32.dll (00007FFE6E820000), size: 180224 (result: 0), SymType: '-deferred-', PDB: '', fileVersion: 10.0.19041.1081
C:\Program Files\Unity\Hub\Editor\2020.3.16f1\Editor\FreeImage.dll:FreeImage.dll (0000000180000000), size: 6414336 (result: 0), SymType: '-deferred-', PDB: '', fileVersion: 3.18.0.0
C:\Windows\SYSTEM32\WINHTTP.dll:WINHTTP.dll (00007FFE96290000), size: 1081344 (result: 0), SymType: '-deferred-', PDB: '', fileVersion: 10.0.19041.1151
C:\Program Files\Unity\Hub\Editor\2020.3.16f1\Editor\libfbxsdk.dll:libfbxsdk.dll (00007FFE52BF0000), size: 10215424 (result: 0), SymType: '-deferred-', PDB: '', fileVersion: 2020.2.0.0
C:\Windows\SYSTEM32\HID.DLL:HID.DLL (00007FFEAC020000), size: 53248 (result: 0), SymType: '-deferred-', PDB: '', fileVersion: 10.0.19041.546
C:\Program Files\Unity\Hub\Editor\2020.3.16f1\Editor\RadeonImageFilters.dll:RadeonImageFilters.dll (00007FFE583F0000), size: 2535424 (result: 0), SymType: '-deferred-', PDB: '', fileVersion: 1.5.1.0
C:\Program Files\Unity\Hub\Editor\2020.3.16f1\Editor\SketchUpAPI.dll:SketchUpAPI.dll (00007FFE54980000), size: 8978432 (result: 0), SymType: '-deferred-', PDB: '', fileVersion: 19.0.753.0
C:\Windows\SYSTEM32\WINMM.dll:WINMM.dll (00007FFEA4280000), size: 159744 (result: 0), SymType: '-deferred-', PDB: '', fileVersion: 10.0.19041.546
C:\Windows\SYSTEM32\IPHLPAPI.DLL:IPHLPAPI.DLL (00007FFEACB60000), size: 241664 (result: 0), SymType: '-deferred-', PDB: '', fileVersion: 10.0.19041.546
C:\Windows\SYSTEM32\VERSION.dll:VERSION.dll (00007FFEA43A0000), size: 40960 (result: 0), SymType: '-deferred-', PDB: '', fileVersion: 10.0.19041.546
C:\Windows\SYSTEM32\VCRUNTIME140.dll:VCRUNTIME140.dll (00007FFE84580000), size: 106496 (result: 0), SymType: '-deferred-', PDB: '', fileVersion: 14.28.29913.0
C:\Windows\SYSTEM32\WSOCK32.dll:WSOCK32.dll (00007FFE987F0000), size: 36864 (result: 0), SymType: '-deferred-', PDB: '', fileVersion: 10.0.19041.1
C:\Program Files\Unity\Hub\Editor\2020.3.16f1\Editor\tbb.dll:tbb.dll (00007FFE82C50000), size: 413696 (result: 0), SymType: '-deferred-', PDB: '', fileVersion: 2017.0.2016.1004
C:\Windows\SYSTEM32\MSVCP140.dll:MSVCP140.dll (00007FFE845A0000), size: 577536 (result: 0), SymType: '-deferred-', PDB: '', fileVersion: 14.28.29913.0
C:\Program Files\Unity\Hub\Editor\2020.3.16f1\Editor\SketchUpCommonPreferences.dll:SketchUpCommonPreferences.dll (00007FFE821A0000), size: 483328 (result: 0), SymType: '-deferred-', PDB: '', fileVersion: 19.0.753.20342
C:\Windows\SYSTEM32\Secur32.dll:Secur32.dll (00007FFE93F20000), size: 49152 (result: 0), SymType: '-deferred-', PDB: '', fileVersion: 10.0.19041.546
C:\Windows\SYSTEM32\VCRUNTIME140_1.dll:VCRUNTIME140_1.dll (00007FFE82E50000), size: 49152 (result: 0), SymType: '-deferred-', PDB: '', fileVersion: 14.28.29913.0
C:\Windows\SYSTEM32\MSVCR120.dll:MSVCR120.dll (00007FFE773C0000), size: 978944 (result: 0), SymType: '-deferred-', PDB: '', fileVersion: 12.0.21005.1
C:\Windows\SYSTEM32\SSPICLI.DLL:SSPICLI.DLL (00007FFEAD640000), size: 200704 (result: 0), SymType: '-deferred-', PDB: '', fileVersion: 10.0.19041.906
C:\Windows\SYSTEM32\MSVCP120.dll:MSVCP120.dll (00007FFE81BC0000), size: 679936 (result: 0), SymType: '-deferred-', PDB: '', fileVersion: 12.0.21005.1
C:\Program Files\Unity\Hub\Editor\2020.3.16f1\Editor\OpenRL.dll:OpenRL.dll (00000219187A0000), size: 12779520 (result: 0), SymType: '-deferred-', PDB: '', fileVersion: 1.5.0.2907
C:\Windows\SYSTEM32\MSVCP100.dll:MSVCP100.dll (0000000061510000), size: 622592 (result: 0), SymType: '-deferred-', PDB: '', fileVersion: 10.0.30319.1
C:\Windows\SYSTEM32\MSWSOCK.DLL:MSWSOCK.DLL (00007FFEACE70000), size: 434176 (result: 0), SymType: '-deferred-', PDB: '', fileVersion: 10.0.19041.546
C:\Windows\SYSTEM32\MSVCR100.dll:MSVCR100.dll (00000000613E0000), size: 856064 (result: 0), SymType: '-deferred-', PDB: '', fileVersion: 10.0.30319.1
C:\Program Files\Unity\Hub\Editor\2020.3.16f1\Editor\embree.dll:embree.dll (00007FFE4CD50000), size: 16711680 (result: 0), SymType: '-deferred-', PDB: '', fileVersion: 2.14.0.0
C:\Program Files\Unity\Hub\Editor\2020.3.16f1\Editor\OpenRL_pthread.dll:OpenRL_pthread.dll (00000219193F0000), size: 61440 (result: 0), SymType: '-deferred-', PDB: '', fileVersion: 2.9.0.0
C:\Windows\SYSTEM32\MSASN1.dll:MSASN1.dll (00007FFEAD290000), size: 73728 (result: 0), SymType: '-deferred-', PDB: '', fileVersion: 10.0.19041.546
C:\Windows\SYSTEM32\kernel.appcore.dll:kernel.appcore.dll (00007FFEAB690000), size: 73728 (result: 0), SymType: '-deferred-', PDB: '', fileVersion: 10.0.19041.546
C:\Windows\System32\bcryptPrimitives.dll:bcryptPrimitives.dll (00007FFEADA90000), size: 536576 (result: 0), SymType: '-deferred-', PDB: '', fileVersion: 10.0.19041.1023
C:\Windows\system32\uxtheme.dll:uxtheme.dll (00007FFEAB1D0000), size: 647168 (result: 0), SymType: '-deferred-', PDB: '', fileVersion: 10.0.19041.1081
C:\Program Files (x86)\Razer\Razer Cortex\x64\k_fps64.dll:k_fps64.dll (00007FFE5C200000), size: 1105920 (result: 0), SymType: '-deferred-', PDB: '', fileVersion: 3.0.15.3
C:\Windows\SYSTEM32\dbghelp.dll:dbghelp.dll (00007FFE9E000000), size: 1982464 (result: 0), SymType: '-deferred-', PDB: '', fileVersion: 10.0.19041.867
C:\Program Files (x86)\Razer\Razer Cortex\x64\D3DCOMPILER_43.dll:D3DCOMPILER_43.dll (00007FFE5BB60000), size: 2551808 (result: 0), SymType: '-deferred-', PDB: '', fileVersion: 9.29.952.3111
C:\Program Files (x86)\Razer\Razer Cortex\x64\d3dx10_43.dll:d3dx10_43.dll (00007FFE5C180000), size: 520192 (result: 0), SymType: '-deferred-', PDB: '', fileVersion: 9.29.952.3111
C:\Program Files (x86)\Razer\Razer Cortex\x64\d3dx9_43.dll:d3dx9_43.dll (00007FFE5B8F0000), size: 2502656 (result: 0), SymType: '-deferred-', PDB: '', fileVersion: 9.29.952.3111
C:\Program Files (x86)\Razer\Razer Cortex\x64\EasyHook64.dll:EasyHook64.dll (00007FFE5C120000), size: 356352 (result: 0), SymType: '-deferred-', PDB: '', fileVersion: 2.7.6270.0
C:\Windows\System32\PSAPI.DLL:PSAPI.DLL (00007FFEAFFA0000), size: 32768 (result: 0), SymType: '-deferred-', PDB: '', fileVersion: 10.0.19041.546
C:\Windows\System32\shcore.dll:shcore.dll (00007FFEAFDC0000), size: 712704 (result: 0), SymType: '-deferred-', PDB: '', fileVersion: 10.0.19041.1023
C:\Windows\SYSTEM32\windows.storage.dll:windows.storage.dll (00007FFEAB890000), size: 7929856 (result: 0), SymType: '-deferred-', PDB: '', fileVersion: 10.0.19041.1151
C:\Windows\SYSTEM32\Wldp.dll:Wldp.dll (00007FFEAD110000), size: 180224 (result: 0), SymType: '-deferred-', PDB: '', fileVersion: 10.0.19041.662
C:\Windows\SYSTEM32\profapi.dll:profapi.dll (00007FFEAD6C0000), size: 126976 (result: 0), SymType: '-deferred-', PDB: '', fileVersion: 10.0.19041.844
C:\Windows\System32\clbcatq.dll:clbcatq.dll (00007FFEAEF50000), size: 692224 (result: 0), SymType: '-deferred-', PDB: '', fileVersion: 2001.12.10941.16384
C:\Windows\System32\netprofm.dll:netprofm.dll (00007FFEA7AD0000), size: 253952 (result: 0), SymType: '-deferred-', PDB: '', fileVersion: 10.0.19041.906
C:\Windows\System32\NSI.dll:NSI.dll (00007FFEAE430000), size: 32768 (result: 0), SymType: '-deferred-', PDB: '', fileVersion: 10.0.19041.610
C:\Windows\SYSTEM32\dhcpcsvc6.DLL:dhcpcsvc6.DLL (00007FFEA2640000), size: 94208 (result: 0), SymType: '-deferred-', PDB: '', fileVersion: 10.0.19041.546
C:\Windows\SYSTEM32\dhcpcsvc.DLL:dhcpcsvc.DLL (00007FFEA4380000), size: 118784 (result: 0), SymType: '-deferred-', PDB: '', fileVersion: 10.0.19041.546
C:\Windows\System32\npmproxy.dll:npmproxy.dll (00007FFEA4370000), size: 65536 (result: 0), SymType: '-deferred-', PDB: '', fileVersion: 10.0.19041.906
C:\Windows\SYSTEM32\DNSAPI.dll:DNSAPI.dll (00007FFEACBA0000), size: 835584 (result: 0), SymType: '-deferred-', PDB: '', fileVersion: 10.0.19041.1151
C:\Windows\System32\fwpuclnt.dll:fwpuclnt.dll (00007FFE966C0000), size: 520192 (result: 0), SymType: '-deferred-', PDB: '', fileVersion: 10.0.19041.1081
C:\Windows\System32\rasadhlp.dll:rasadhlp.dll (00007FFE95880000), size: 40960 (result: 0), SymType: '-deferred-', PDB: '', fileVersion: 10.0.19041.546
C:\Program Files\Unity\Hub\Editor\2020.3.16f1\Editor\Data\Tools\astcenc-avx2.dll:astcenc-avx2.dll (00007FFE56300000), size: 557056 (result: 0), SymType: '-deferred-', PDB: ''
C:\Windows\SYSTEM32\d3d11.dll:d3d11.dll (00007FFEA9D10000), size: 2506752 (result: 0), SymType: '-deferred-', PDB: '', fileVersion: 10.0.19041.746
C:\Windows\SYSTEM32\dxgi.dll:dxgi.dll (00007FFEAC080000), size: 999424 (result: 0), SymType: '-deferred-', PDB: '', fileVersion: 10.0.19041.964
C:\Windows\System32\DriverStore\FileRepository\u0371001.inf_amd64_c05f2cb8e5a0d295\B370998\aticfx64.dll:aticfx64.dll (00007FFEA4510000), size: 1847296 (result: 0), SymType: '-deferred-', PDB: '', fileVersion: 27.20.22025.1006
C:\Windows\System32\DriverStore\FileRepository\u0371001.inf_amd64_c05f2cb8e5a0d295\B370998\atiuxp64.dll:atiuxp64.dll (00007FFEA4240000), size: 229376 (result: 0), SymType: '-deferred-', PDB: '', fileVersion: 27.20.22025.1006
C:\Windows\System32\DriverStore\FileRepository\u0371001.inf_amd64_c05f2cb8e5a0d295\B370998\atidxx64.dll:atidxx64.dll (00007FFE9F4D0000), size: 33001472 (result: 0), SymType: '-deferred-', PDB: '', fileVersion: 27.20.22025.1006
C:\Windows\SYSTEM32\apphelp.dll:apphelp.dll (00007FFEAB120000), size: 589824 (result: 0), SymType: '-deferred-', PDB: '', fileVersion: 10.0.19041.928
C:\Windows\SYSTEM32\amdihk64.dll:amdihk64.dll (00007FFEA4180000), size: 196608 (result: 0), SymType: '-deferred-', PDB: '', fileVersion: 2.0.0.1788
C:\Windows\SYSTEM32\dxcore.dll:dxcore.dll (00007FFEA4DA0000), size: 241664 (result: 0), SymType: '-deferred-', PDB: '', fileVersion: 10.0.19041.546
C:\Windows\system32\wbem\wbemprox.dll:wbemprox.dll (00007FFE9AAA0000), size: 69632 (result: 0), SymType: '-deferred-', PDB: '', fileVersion: 10.0.19041.1081
C:\Windows\SYSTEM32\wbemcomn.dll:wbemcomn.dll (00007FFEA43B0000), size: 598016 (result: 0), SymType: '-deferred-', PDB: '', fileVersion: 10.0.19041.1081
C:\Windows\system32\wbem\wbemsvc.dll:wbemsvc.dll (00007FFE99E50000), size: 81920 (result: 0), SymType: '-deferred-', PDB: '', fileVersion: 10.0.19041.1081
C:\Windows\system32\wbem\fastprox.dll:fastprox.dll (00007FFE99EF0000), size: 1093632 (result: 0), SymType: '-deferred-', PDB: '', fileVersion: 10.0.19041.546
C:\Windows\SYSTEM32\amsi.dll:amsi.dll (00007FFE97380000), size: 102400 (result: 0), SymType: '-deferred-', PDB: '', fileVersion: 10.0.19041.746
C:\Windows\SYSTEM32\USERENV.dll:USERENV.dll (00007FFEAD680000), size: 188416 (result: 0), SymType: '-deferred-', PDB: '', fileVersion: 10.0.19041.572
C:\ProgramData\Microsoft\Windows Defender\Platform\4.18.2108.7-0\MpOav.dll:MpOav.dll (00007FFE97300000), size: 495616 (result: 0), SymType: '-deferred-', PDB: '', fileVersion: 4.18.2108.7
C:\Windows\SYSTEM32\opencl.dll:opencl.dll (00007FFE2E220000), size: 147456 (result: 0), SymType: '-deferred-', PDB: '', fileVersion: 2.2.6.0
C:\Program Files\Unity\Hub\Editor\2020.3.16f1\Editor\radeonrays.dll:radeonrays.dll (00007FFE5C330000), size: 552960 (result: 0), SymType: '-deferred-', PDB: ''
C:\Program Files\Unity\Hub\Editor\2020.3.16f1\Editor\Data\MonoBleedingEdge\EmbedRuntime\mono-2.0-bdwgc.dll:mono-2.0-bdwgc.dll (00007FFE4A4E0000), size: 7790592 (result: 0), SymType: '-deferred-', PDB: ''
C:\Windows\SYSTEM32\CRYPTSP.dll:CRYPTSP.dll (00007FFEAD070000), size: 98304 (result: 0), SymType: '-deferred-', PDB: '', fileVersion: 10.0.19041.546
C:\Windows\system32\rsaenh.dll:rsaenh.dll (00007FFEAC7F0000), size: 212992 (result: 0), SymType: '-deferred-', PDB: '', fileVersion: 10.0.19041.1052
C:\Windows\SYSTEM32\CRYPTBASE.dll:CRYPTBASE.dll (00007FFEAD060000), size: 49152 (result: 0), SymType: '-deferred-', PDB: '', fileVersion: 10.0.19041.546

========== OUTPUTTING STACK TRACE ==================

0x00007FFEADB54ED9 (KERNELBASE) RaiseException
  ERROR: SymGetSymFromAddr64, GetLastError: 'Unknown error [-529697949]' (Address: 00007FFE4A4F6025)
0x00007FFE4A4F6025 (mono-2.0-bdwgc) (function-name not available)
  ERROR: SymGetSymFromAddr64, GetLastError: 'Unknown error [-529697949]' (Address: 00007FFE4A4E4D41)
0x00007FFE4A4E4D41 (mono-2.0-bdwgc) (function-name not available)
  ERROR: SymGetSymFromAddr64, GetLastError: 'Unknown error [-529697949]' (Address: 00007FFE4A4E4AD4)
0x00007FFE4A4E4AD4 (mono-2.0-bdwgc) (function-name not available)
  ERROR: SymGetSymFromAddr64, GetLastError: 'Unknown error [-529697949]' (Address: 00007FFE4A56CAB5)
0x00007FFE4A56CAB5 (mono-2.0-bdwgc) (function-name not available)
  ERROR: SymGetSymFromAddr64, GetLastError: 'The specified module could not be found.' (Address: 00007FFE4A6DE9E2)
0x00007FFE4A6DE9E2 (mono-2.0-bdwgc) (function-name not available)
  ERROR: SymGetSymFromAddr64, GetLastError: 'Unknown error [-529697949]' (Address: 00007FFE4A607664)
0x00007FFE4A607664 (mono-2.0-bdwgc) (function-name not available)
  ERROR: SymGetSymFromAddr64, GetLastError: 'Unknown error [-529697949]' (Address: 00007FFE4A605908)
0x00007FFE4A605908 (mono-2.0-bdwgc) (function-name not available)
  ERROR: SymGetSymFromAddr64, GetLastError: 'Unknown error [-529697949]' (Address: 00007FFE4A6096F1)
0x00007FFE4A6096F1 (mono-2.0-bdwgc) (function-name not available)
  ERROR: SymGetSymFromAddr64, GetLastError: 'Unknown error [-529697949]' (Address: 00007FFE4A60DB12)
0x00007FFE4A60DB12 (mono-2.0-bdwgc) (function-name not available)
  ERROR: SymGetSymFromAddr64, GetLastError: 'Unknown error [-529697949]' (Address: 00007FFE4A60E2B6)
0x00007FFE4A60E2B6 (mono-2.0-bdwgc) [c:\build\output\unity-technologies\mono\mono\mini\mini-runtime.c:2696] (function-name not available) 
0x00007FFE4A592AE2 (mono-2.0-bdwgc) [c:\build\output\unity-technologies\mono\mono\metadata\object.c:2921] do_runtime_invoke 
0x00007FFE4A59BB3F (mono-2.0-bdwgc) [c:\build\output\unity-technologies\mono\mono\metadata\object.c:2968] mono_runtime_invoke 
0x00007FF61D6B88F4 (Unity) scripting_method_invoke
0x00007FF61D6B1245 (Unity) ScriptingInvocation::Invoke
0x00007FF61D6A9CAE (Unity) ScriptingInvocation::Invoke<ScriptingObjectPtr>
0x00007FF61D5A193A (Unity) Application_Bindings::LogCallbackImplementation
0x00007FF61FE811A7 (Unity) DebugStringToFilePostprocessedStacktrace
0x00007FF61FE80F8F (Unity) DebugStringToFile
0x00007FF61FE80812 (Unity) AssertImplementation
0x00007FF61D4D7B7B (Unity) PlatformThread::Create
0x00007FF61CFC25C3 (Unity) PreloadManager::UpdatePreloadingSingleStep
0x00007FF61CFC2E8F (Unity) PreloadManager::WaitForAllAsyncOperationsToComplete
0x00007FF61CFC1F3B (Unity) UnloadUnusedAssetsImmediate
0x00007FF61EED049F (Unity) core::mutable_function<void __cdecl(void)>::DispatchT<<lambda_dce901c6a348fb0656841e7ef5b2ed1e> >::Dispatch
0x00007FF61EF6A222 (Unity) asio::detail::completion_handler<core::mutable_function<void __cdecl(void)> >::do_complete
0x00007FF61EF6C380 (Unity) asio::detail::win_iocp_io_service::do_one
0x00007FF61EF6FAE6 (Unity) asio::io_service::run
0x00007FF61EEF2D4B (Unity) RunAssetImportWorkerClientV2
0x00007FF61EEF2DA0 (Unity) RunAssetImporterV2
0x00007FF61E3BB1C6 (Unity) Application::InitializeProject
0x00007FF61ED624F2 (Unity) WinMain
0x00007FF620BB34B6 (Unity) __scrt_common_main_seh
0x00007FFEAEDC7034 (KERNEL32) BaseThreadInitThunk
0x00007FFEB00A2651 (ntdll) RtlUserThreadStart

========== END OF STACKTRACE ===========

A crash has been intercepted by the crash handler. For call stack and other details, see the latest crash report generated in:
 * C:/Users/barno/AppData/Local/Temp/Unity/Editor/Crashes
