Using pre-set license
Built from '2020.3/staging' branch; Version is '2020.3.16f1 (049d6eca3c44) revision 302446'; Using compiler version '192528614'; Build Type 'Release'
OS: 'Windows 10 Home; OS build 19043.1165; Version 2009; 64bit' Language: 'en' Physical Memory: 3500 MB
BatchMode: 1, IsHumanControllingUs: 0, StartBugReporterOnCrash: 0, Is64bit: 1, IsPro: 0

 COMMAND LINE ARGUMENTS:
C:\Program Files\Unity\Hub\Editor\2020.3.16f1\Editor\Unity.exe
-adb2
-batchMode
-noUpm
-name
AssetImportWorker0
-projectPath
C:/Users/barno/Documents/GitHub/BrayGames/games/NiteFort
-logFile
Logs/AssetImportWorker0.log
-srvPort
58217
Successfully changed project path to: C:/Users/barno/Documents/GitHub/BrayGames/games/NiteFort
C:/Users/barno/Documents/GitHub/BrayGames/games/NiteFort
Using Asset Import Pipeline V2.
Refreshing native plugins compatible for Editor in 270.49 ms, found 2 plugins.
Preloading 0 native plugins for Editor in 0.00 ms.
Initialize engine version: 2020.3.16f1 (049d6eca3c44)
[Subsystems] Discovering subsystems at path C:/Program Files/Unity/Hub/Editor/2020.3.16f1/Editor/Data/Resources/UnitySubsystems
[Subsystems] Discovering subsystems at path C:/Users/barno/Documents/GitHub/BrayGames/games/NiteFort/Assets
GfxDevice: creating device client; threaded=0
Direct3D:
    Version:  Direct3D 11.0 [level 11.1]
    Renderer: AMD Radeon(TM) Vega 3 Graphics (ID=0x15d8)
    Vendor:   
    VRAM:     1750 MB
    Driver:   27.20.22025.1006
Shader 'Universal Render Pipeline/Particles/Lit': fallback shader 'Universal Render Pipeline/Particles/SimpleLit' not found
Initialize mono
Mono path[0] = 'C:/Program Files/Unity/Hub/Editor/2020.3.16f1/Editor/Data/Managed'
Mono path[1] = 'C:/Program Files/Unity/Hub/Editor/2020.3.16f1/Editor/Data/MonoBleedingEdge/lib/mono/unityjit'
Mono config path = 'C:/Program Files/Unity/Hub/Editor/2020.3.16f1/Editor/Data/MonoBleedingEdge/etc'
Using monoOptions --debugger-agent=transport=dt_socket,embedding=1,server=y,suspend=n,address=127.0.0.1:56316
Begin MonoManager ReloadAssembly
Registering precompiled unity dll's ...
Register platform support module: C:/Program Files/Unity/Hub/Editor/2020.3.16f1/Editor/Data/PlaybackEngines/WebGLSupport/UnityEditor.WebGL.Extensions.dll
Register platform support module: C:/Program Files/Unity/Hub/Editor/2020.3.16f1/Editor/Data/PlaybackEngines/WindowsStandaloneSupport/UnityEditor.WindowsStandalone.Extensions.dll
Registered in 0.009715 seconds.
Native extension for WindowsStandalone target not found
Native extension for WebGL target not found
Refreshing native plugins compatible for Editor in 107.63 ms, found 2 plugins.
Preloading 0 native plugins for Editor in 0.00 ms.
Mono: successfully reloaded assembly
- Completed reload, in  5.367 seconds
Domain Reload Profiling:
	ReloadAssembly (5368ms)
		BeginReloadAssembly (176ms)
			ExecutionOrderSort (0ms)
			DisableScriptedObjects (0ms)
			BackupInstance (0ms)
			ReleaseScriptingObjects (0ms)
			CreateAndSetChildDomain (6ms)
		EndReloadAssembly (901ms)
			LoadAssemblies (169ms)
			RebuildTransferFunctionScriptingTraits (1ms)
			SetupTypeCache (319ms)
			ReleaseScriptCaches (0ms)
			RebuildScriptCaches (51ms)
			SetupLoadedEditorAssemblies (396ms)
				LogAssemblyErrors (0ms)
				InitializePlatformSupportModulesInManaged (13ms)
				SetLoadedEditorAssemblies (0ms)
				RefreshPlugins (108ms)
				BeforeProcessingInitializeOnLoad (28ms)
				ProcessInitializeOnLoadAttributes (179ms)
				ProcessInitializeOnLoadMethodAttributes (68ms)
				AfterProcessingInitializeOnLoad (0ms)
				EditorAssembliesLoaded (1ms)
			ExecutionOrderSort2 (0ms)
			AwakeInstancesAfterBackupRestoration (0ms)
Platform modules already initialized, skipping
Registering precompiled user dll's ...
Registered in 0.038603 seconds.
Begin MonoManager ReloadAssembly
Native extension for WindowsStandalone target not found
Native extension for WebGL target not found
Refreshing native plugins compatible for Editor in 212.13 ms, found 2 plugins.
Preloading 0 native plugins for Editor in 0.00 ms.
Mono: successfully reloaded assembly
- Completed reload, in  3.574 seconds
Domain Reload Profiling:
	ReloadAssembly (3577ms)
		BeginReloadAssembly (257ms)
			ExecutionOrderSort (0ms)
			DisableScriptedObjects (8ms)
			BackupInstance (0ms)
			ReleaseScriptingObjects (0ms)
			CreateAndSetChildDomain (45ms)
		EndReloadAssembly (3196ms)
			LoadAssemblies (227ms)
			RebuildTransferFunctionScriptingTraits (2ms)
			SetupTypeCache (618ms)
			ReleaseScriptCaches (2ms)
			RebuildScriptCaches (105ms)
			SetupLoadedEditorAssemblies (1981ms)
				LogAssemblyErrors (0ms)
				InitializePlatformSupportModulesInManaged (11ms)
				SetLoadedEditorAssemblies (0ms)
				RefreshPlugins (212ms)
				BeforeProcessingInitializeOnLoad (158ms)
				ProcessInitializeOnLoadAttributes (1579ms)
				ProcessInitializeOnLoadMethodAttributes (8ms)
				AfterProcessingInitializeOnLoad (11ms)
				EditorAssembliesLoaded (1ms)
			ExecutionOrderSort2 (0ms)
			AwakeInstancesAfterBackupRestoration (12ms)
Platform modules already initialized, skipping
========================================================================
Worker process is ready to serve import requests
Shader 'Universal Render Pipeline/Particles/Lit': fallback shader 'Universal Render Pipeline/Particles/SimpleLit' not found
Launched and connected shader compiler UnityShaderCompiler.exe after 0.40 seconds
Refreshing native plugins compatible for Editor in 0.76 ms, found 2 plugins.
Preloading 0 native plugins for Editor in 0.00 ms.
Unloading 2703 Unused Serialized files (Serialized files now loaded: 0)
System memory in use before: 123.4 MB.
System memory in use after: 123.6 MB.

Unloading 19 unused Assets to reduce memory usage. Loaded Objects now: 3136.
Total: 16.621700 ms (FindLiveObjects: 1.388300 ms CreateObjectMapping: 0.171400 ms MarkObjects: 13.139100 ms  DeleteObjects: 1.917700 ms)

AssetImportParameters requested are different than current active one (requested -> active):
  graphicsApiMask: 131076 -> 4
  custom:framework-win-MediaFoundation: 216162199b28c13a410421893ffa2e32 -> 
  custom:video-decoder-ogg-theora: a1e56fd34408186e4bbccfd4996cb3dc -> 
  custom:container-muxer-webm: aa71ff27fc2769a1b78a27578f13a17b -> 
  custom:container-demuxer-webm: 4f35f7cbe854078d1ac9338744f61a02 -> 
  custom:container-demuxer-ogg: 62fdf1f143b41e24485cea50d1cbac27 -> 
  custom:video-encoder-webm-vp8: eb34c28f22e8b96e1ab97ce403110664 -> 
  custom:video-decoder-webm-vp8: 9c59270c3fd7afecdb556c50c9e8de78 -> 
  custom:audio-decoder-ogg-vorbis: bf7c407c2cedff20999df2af8eb42d56 -> 
  custom:audio-encoder-webm-vorbis: bf7c407c2cedff20999df2af8eb42d56 -> 
========================================================================
Received Import Request.
  path: Assets/Models/Skins/F_Med_Soldier_01.mo.png
  artifactKey: Guid(bbea45b8985b5484eb3f8fcdbd852e4d) Importer(815301076,1909f56bfc062723c751e8b465ee728b)
Start importing Assets/Models/Skins/F_Med_Soldier_01.mo.png using Guid(bbea45b8985b5484eb3f8fcdbd852e4d) Importer(815301076,1909f56bfc062723c751e8b465ee728b)  -> (artifact id: '652ec87a2332511c555548b454b5848f') in 0.540111 seconds 
  Import took 0.554106 seconds .

========================================================================
Received Import Request.
  Time since last request: 0.000278 seconds.
  path: Assets/Models/Skins/New Material.mat
  artifactKey: Guid(eb7e9cd6dc0c2bf4880a225d8667e004) Importer(815301076,1909f56bfc062723c751e8b465ee728b)
Start importing Assets/Models/Skins/New Material.mat using Guid(eb7e9cd6dc0c2bf4880a225d8667e004) Importer(815301076,1909f56bfc062723c751e8b465ee728b)  -> (artifact id: '2f92e2448dccec385c0aca2065360626') in 0.852530 seconds 
  Import took 0.862377 seconds .

========================================================================
Received Import Request.
  Time since last request: 23.621691 seconds.
  path: Assets/Models/Skins/Dark Bomber.blend
  artifactKey: Guid(e271ee34c36656e48a8f26d8c9cc8492) Importer(815301076,1909f56bfc062723c751e8b465ee728b)
Start importing Assets/Models/Skins/Dark Bomber.blend using Guid(e271ee34c36656e48a8f26d8c9cc8492) Importer(815301076,1909f56bfc062723c751e8b465ee728b)  -> (artifact id: '3c434a2d7ac0032e914dbccd2a4acfa3') in 1.169253 seconds 
  Import took 1.237494 seconds .

========================================================================
Received Import Request.
  Time since last request: 51.058243 seconds.
  path: Assets/Models/Skins/F_Med_Soldier_01.mo.png
  artifactKey: Guid(bbea45b8985b5484eb3f8fcdbd852e4d) Importer(815301076,1909f56bfc062723c751e8b465ee728b)
Start importing Assets/Models/Skins/F_Med_Soldier_01.mo.png using Guid(bbea45b8985b5484eb3f8fcdbd852e4d) Importer(815301076,1909f56bfc062723c751e8b465ee728b)  -> (artifact id: 'a6d80aeef4ee08b80c53b611d7287916') in 0.207813 seconds 
  Import took 0.306808 seconds .

========================================================================
Received Import Request.
  Time since last request: 10.133017 seconds.
  path: Assets/Models/Skins/New Material.mat
  artifactKey: Guid(eb7e9cd6dc0c2bf4880a225d8667e004) Importer(815301076,1909f56bfc062723c751e8b465ee728b)
Start importing Assets/Models/Skins/New Material.mat using Guid(eb7e9cd6dc0c2bf4880a225d8667e004) Importer(815301076,1909f56bfc062723c751e8b465ee728b)  -> (artifact id: '08dd500fd19c299c590c52b6e4127721') in 0.103757 seconds 
  Import took 0.114058 seconds .

========================================================================
Received Import Request.
  Time since last request: 63.533473 seconds.
  path: Assets/Models/Skins/T_F_MED_Commando_Dark_Bomber_Body_D.tga
  artifactKey: Guid(d390abcdc59b7f548af96b0fc23e9803) Importer(815301076,1909f56bfc062723c751e8b465ee728b)
Start importing Assets/Models/Skins/T_F_MED_Commando_Dark_Bomber_Body_D.tga using Guid(d390abcdc59b7f548af96b0fc23e9803) Importer(815301076,1909f56bfc062723c751e8b465ee728b)  -> (artifact id: 'a975c45bc82e507425812047ed403fdf') in 0.216413 seconds 
  Import took 0.353999 seconds .

========================================================================
Received Import Request.
  Time since last request: 25.158466 seconds.
  path: Assets/Models/Skins/T_F_MED_Commando_Dark_Bomber_Body_D.mat
  artifactKey: Guid(eb7e9cd6dc0c2bf4880a225d8667e004) Importer(815301076,1909f56bfc062723c751e8b465ee728b)
Start importing Assets/Models/Skins/T_F_MED_Commando_Dark_Bomber_Body_D.mat using Guid(eb7e9cd6dc0c2bf4880a225d8667e004) Importer(815301076,1909f56bfc062723c751e8b465ee728b)  -> (artifact id: '2cbf149f9e42ecb7e6bf8f67306084a8') in 0.129217 seconds 
  Import took 0.136985 seconds .

========================================================================
Received Import Request.
  Time since last request: 41.676938 seconds.
  path: Assets/Models/Skins/F_MED_Commando_Glasses_Dark_Bomber.tga.002.tga
  artifactKey: Guid(0897d30a3d0e82942b0353fdbfd489b1) Importer(815301076,1909f56bfc062723c751e8b465ee728b)
Start importing Assets/Models/Skins/F_MED_Commando_Glasses_Dark_Bomber.tga.002.tga using Guid(0897d30a3d0e82942b0353fdbfd489b1) Importer(815301076,1909f56bfc062723c751e8b465ee728b)  -> (artifact id: '3aa190acb62aceaed0cae83fe8a484b5') in 0.268825 seconds 
  Import took 0.554581 seconds .

========================================================================
Received Import Request.
  Time since last request: 14.039532 seconds.
  path: Assets/Models/Skins/New Material.mat
  artifactKey: Guid(a1d9b3cb1b621be4ba49c8f8eac963d5) Importer(815301076,1909f56bfc062723c751e8b465ee728b)
Start importing Assets/Models/Skins/New Material.mat using Guid(a1d9b3cb1b621be4ba49c8f8eac963d5) Importer(815301076,1909f56bfc062723c751e8b465ee728b)  -> (artifact id: '902bdab78f82714ad363df4f9218f828') in 0.113346 seconds 
  Import took 0.124768 seconds .

========================================================================
Received Import Request.
  Time since last request: 0.010119 seconds.
  path: Assets/Models/Skins/New Material.mat
  artifactKey: Guid(a1d9b3cb1b621be4ba49c8f8eac963d5) Importer(815301076,1909f56bfc062723c751e8b465ee728b)
Start importing Assets/Models/Skins/New Material.mat using Guid(a1d9b3cb1b621be4ba49c8f8eac963d5) Importer(815301076,1909f56bfc062723c751e8b465ee728b)  -> (artifact id: '902bdab78f82714ad363df4f9218f828') in 0.029602 seconds 
  Import took 0.037877 seconds .

========================================================================
Received Import Request.
  Time since last request: 30.579218 seconds.
  path: Assets/Models/Skins/Dark Bomber.blend
  artifactKey: Guid(e271ee34c36656e48a8f26d8c9cc8492) Importer(815301076,1909f56bfc062723c751e8b465ee728b)
Start importing Assets/Models/Skins/Dark Bomber.blend using Guid(e271ee34c36656e48a8f26d8c9cc8492) Importer(815301076,1909f56bfc062723c751e8b465ee728b)  -> (artifact id: '7e804216c8d2331f9e242b5d8d88479e') in 0.593507 seconds 
  Import took 0.780766 seconds .

========================================================================
Received Import Request.
  Time since last request: 178.377391 seconds.
  path: Assets/Models/Skins/Dark Bomber.blend
  artifactKey: Guid(e271ee34c36656e48a8f26d8c9cc8492) Importer(815301076,1909f56bfc062723c751e8b465ee728b)
Start importing Assets/Models/Skins/Dark Bomber.blend using Guid(e271ee34c36656e48a8f26d8c9cc8492) Importer(815301076,1909f56bfc062723c751e8b465ee728b)  -> (artifact id: '9bc2dd52e4e473f78744c1be3289c19a') in 0.637102 seconds 
  Import took 0.903266 seconds .

========================================================================
Received Import Request.
  Time since last request: 39.411960 seconds.
  path: Assets/Models/Skins/F_MED_Commando_Glasses_Dark_Bomber.tga.002.mat
  artifactKey: Guid(a1d9b3cb1b621be4ba49c8f8eac963d5) Importer(815301076,1909f56bfc062723c751e8b465ee728b)
Start importing Assets/Models/Skins/F_MED_Commando_Glasses_Dark_Bomber.tga.002.mat using Guid(a1d9b3cb1b621be4ba49c8f8eac963d5) Importer(815301076,1909f56bfc062723c751e8b465ee728b)  -> (artifact id: '0ec6a552b64264c2d38d8abca6f0e4f7') in 0.135443 seconds 
  Import took 0.158721 seconds .

========================================================================
Received Import Request.
  Time since last request: 208.997995 seconds.
  path: Assets/Models/Skins/T_F_MED_Painter_Head_D.tga.001.png
  artifactKey: Guid(2f10b8bc5c2405145a75e9941c3cd88a) Importer(815301076,1909f56bfc062723c751e8b465ee728b)
Start importing Assets/Models/Skins/T_F_MED_Painter_Head_D.tga.001.png using Guid(2f10b8bc5c2405145a75e9941c3cd88a) Importer(815301076,1909f56bfc062723c751e8b465ee728b)  -> (artifact id: 'efacf8a3d0fe3edd234cc02b7584d767') in 0.463984 seconds 
  Import took 1.024283 seconds .

========================================================================
Received Import Request.
  Time since last request: 0.305144 seconds.
  path: Assets/Models/Skins/T_F_MED_Painter_Head_D.tga.001.png
  artifactKey: Guid(2f10b8bc5c2405145a75e9941c3cd88a) Importer(815301076,1909f56bfc062723c751e8b465ee728b)
Start importing Assets/Models/Skins/T_F_MED_Painter_Head_D.tga.001.png using Guid(2f10b8bc5c2405145a75e9941c3cd88a) Importer(815301076,1909f56bfc062723c751e8b465ee728b)  -> (artifact id: 'efacf8a3d0fe3edd234cc02b7584d767') in 0.100705 seconds 
  Import took 0.115335 seconds .

========================================================================
Received Import Request.
  Time since last request: 44.169469 seconds.
  path: Assets/Models/Skins/New Material.mat
  artifactKey: Guid(7df9b14fffa73b84cbcf6b28ac31dac6) Importer(815301076,1909f56bfc062723c751e8b465ee728b)
Start importing Assets/Models/Skins/New Material.mat using Guid(7df9b14fffa73b84cbcf6b28ac31dac6) Importer(815301076,1909f56bfc062723c751e8b465ee728b)  -> (artifact id: '3ef94bdcfd834eefeab79e16b756fdc2') in 0.170073 seconds 
  Import took 0.178053 seconds .

========================================================================
Received Import Request.
  Time since last request: 15.909352 seconds.
  path: Assets/Models/Skins/T_F_MED_Painter_Head_D.tga.001.mat
  artifactKey: Guid(7df9b14fffa73b84cbcf6b28ac31dac6) Importer(815301076,1909f56bfc062723c751e8b465ee728b)
Start importing Assets/Models/Skins/T_F_MED_Painter_Head_D.tga.001.mat using Guid(7df9b14fffa73b84cbcf6b28ac31dac6) Importer(815301076,1909f56bfc062723c751e8b465ee728b)  -> (artifact id: 'ad3a2c750b0995c2a9a0d9494ff86688') in 0.074611 seconds 
  Import took 0.082583 seconds .

========================================================================
Received Import Request.
  Time since last request: 16.962470 seconds.
  path: Assets/Models/Skins/Clutch (Yellow).blend
  artifactKey: Guid(bfcbc324aa5bbd64f8d25100e50f577b) Importer(815301076,1909f56bfc062723c751e8b465ee728b)
Start importing Assets/Models/Skins/Clutch (Yellow).blend using Guid(bfcbc324aa5bbd64f8d25100e50f577b) Importer(815301076,1909f56bfc062723c751e8b465ee728b)  -> (artifact id: '0bb690a82e43d6d49847758b6294bd44') in 0.279764 seconds 
  Import took 0.299328 seconds .

========================================================================
Received Import Request.
  Time since last request: 687.033052 seconds.
  path: Assets
  artifactKey: Guid(00000000000000001000000000000000) Importer(815301076,1909f56bfc062723c751e8b465ee728b)
Start importing Assets using Guid(00000000000000001000000000000000) Importer(815301076,1909f56bfc062723c751e8b465ee728b)  -> (artifact id: '42d402b061de3733987d63b9cc3b64de') in 0.050809 seconds 
  Import took 0.458419 seconds .

========================================================================
Received Import Request.
  Time since last request: 0.593171 seconds.
  path: Assets/Scripts
  artifactKey: Guid(02a3527b6b33a924e8ec66aa805ea717) Importer(815301076,1909f56bfc062723c751e8b465ee728b)
Start importing Assets/Scripts using Guid(02a3527b6b33a924e8ec66aa805ea717) Importer(815301076,1909f56bfc062723c751e8b465ee728b)  -> (artifact id: 'f0a913a0049096cde5d6a727232f232f') in 0.023692 seconds 
  Import took 0.034880 seconds .

========================================================================
Received Import Request.
  Time since last request: 13.600368 seconds.
  path: Assets/Scripts/CharacterController.cs
  artifactKey: Guid(679a3728ca5d64c469888ec894f846c2) Importer(815301076,1909f56bfc062723c751e8b465ee728b)
Start importing Assets/Scripts/CharacterController.cs using Guid(679a3728ca5d64c469888ec894f846c2) Importer(815301076,1909f56bfc062723c751e8b465ee728b)  -> (artifact id: '25e0d098f79f5714d94e9519f6bef835') in 0.111463 seconds 
  Import took 0.130079 seconds .

========================================================================
Received Prepare
Registering precompiled user dll's ...
Registered in 0.040926 seconds.
Begin MonoManager ReloadAssembly
Native extension for WindowsStandalone target not found
Native extension for WebGL target not found
Refreshing native plugins compatible for Editor in 34.43 ms, found 2 plugins.
Preloading 0 native plugins for Editor in 0.00 ms.
Mono: successfully reloaded assembly
- Completed reload, in 12.400 seconds
Domain Reload Profiling:
	ReloadAssembly (12500ms)
		BeginReloadAssembly (2769ms)
			ExecutionOrderSort (0ms)
			DisableScriptedObjects (304ms)
			BackupInstance (0ms)
			ReleaseScriptingObjects (1ms)
			CreateAndSetChildDomain (1155ms)
		EndReloadAssembly (8677ms)
			LoadAssemblies (1335ms)
			RebuildTransferFunctionScriptingTraits (2ms)
			SetupTypeCache (4808ms)
			ReleaseScriptCaches (3ms)
			RebuildScriptCaches (101ms)
			SetupLoadedEditorAssemblies (2389ms)
				LogAssemblyErrors (0ms)
				InitializePlatformSupportModulesInManaged (30ms)
				SetLoadedEditorAssemblies (4ms)
				RefreshPlugins (37ms)
				BeforeProcessingInitializeOnLoad (309ms)
				ProcessInitializeOnLoadAttributes (1906ms)
				ProcessInitializeOnLoadMethodAttributes (50ms)
				AfterProcessingInitializeOnLoad (29ms)
				EditorAssembliesLoaded (24ms)
			ExecutionOrderSort2 (0ms)
			AwakeInstancesAfterBackupRestoration (108ms)
Platform modules already initialized, skipping
Shader 'Universal Render Pipeline/Particles/Lit': fallback shader 'Universal Render Pipeline/Particles/SimpleLit' not found
Refreshing native plugins compatible for Editor in 3.93 ms, found 2 plugins.
Preloading 0 native plugins for Editor in 0.00 ms.
Unloading 2594 Unused Serialized files (Serialized files now loaded: 0)
System memory in use before: 135.5 MB.
System memory in use after: 135.7 MB.

Unloading 14 unused Assets to reduce memory usage. Loaded Objects now: 3224.
Total: 45.892400 ms (FindLiveObjects: 7.982500 ms CreateObjectMapping: 0.699900 ms MarkObjects: 33.604200 ms  DeleteObjects: 3.296100 ms)

AssetImportParameters requested are different than current active one (requested -> active):
  graphicsApiMask: 131076 -> 4
  custom:framework-win-MediaFoundation: 216162199b28c13a410421893ffa2e32 -> 
  custom:video-decoder-ogg-theora: a1e56fd34408186e4bbccfd4996cb3dc -> 
  custom:container-muxer-webm: aa71ff27fc2769a1b78a27578f13a17b -> 
  custom:container-demuxer-webm: 4f35f7cbe854078d1ac9338744f61a02 -> 
  custom:container-demuxer-ogg: 62fdf1f143b41e24485cea50d1cbac27 -> 
  custom:video-encoder-webm-vp8: eb34c28f22e8b96e1ab97ce403110664 -> 
  custom:video-decoder-webm-vp8: 9c59270c3fd7afecdb556c50c9e8de78 -> 
  custom:audio-decoder-ogg-vorbis: bf7c407c2cedff20999df2af8eb42d56 -> 
  custom:audio-encoder-webm-vorbis: bf7c407c2cedff20999df2af8eb42d56 -> 
========================================================================
Received Prepare
Registering precompiled user dll's ...
Registered in 0.055026 seconds.
Begin MonoManager ReloadAssembly
Native extension for WindowsStandalone target not found
Native extension for WebGL target not found
Refreshing native plugins compatible for Editor in 1.28 ms, found 2 plugins.
Preloading 0 native plugins for Editor in 0.00 ms.
Mono: successfully reloaded assembly
- Completed reload, in  5.968 seconds
Domain Reload Profiling:
	ReloadAssembly (5983ms)
		BeginReloadAssembly (1522ms)
			ExecutionOrderSort (0ms)
			DisableScriptedObjects (136ms)
			BackupInstance (0ms)
			ReleaseScriptingObjects (5ms)
			CreateAndSetChildDomain (986ms)
		EndReloadAssembly (4139ms)
			LoadAssemblies (1000ms)
			RebuildTransferFunctionScriptingTraits (1ms)
			SetupTypeCache (1130ms)
			ReleaseScriptCaches (3ms)
			RebuildScriptCaches (78ms)
			SetupLoadedEditorAssemblies (1516ms)
				LogAssemblyErrors (0ms)
				InitializePlatformSupportModulesInManaged (22ms)
				SetLoadedEditorAssemblies (3ms)
				RefreshPlugins (2ms)
				BeforeProcessingInitializeOnLoad (187ms)
				ProcessInitializeOnLoadAttributes (1258ms)
				ProcessInitializeOnLoadMethodAttributes (17ms)
				AfterProcessingInitializeOnLoad (24ms)
				EditorAssembliesLoaded (2ms)
			ExecutionOrderSort2 (0ms)
			AwakeInstancesAfterBackupRestoration (42ms)
Platform modules already initialized, skipping
Shader 'Universal Render Pipeline/Particles/Lit': fallback shader 'Universal Render Pipeline/Particles/SimpleLit' not found
Refreshing native plugins compatible for Editor in 0.63 ms, found 2 plugins.
Preloading 0 native plugins for Editor in 0.00 ms.
Unloading 2595 Unused Serialized files (Serialized files now loaded: 0)
System memory in use before: 135.6 MB.
System memory in use after: 135.8 MB.

Unloading 14 unused Assets to reduce memory usage. Loaded Objects now: 3227.
Total: 32.452800 ms (FindLiveObjects: 4.151500 ms CreateObjectMapping: 0.333100 ms MarkObjects: 27.173800 ms  DeleteObjects: 0.553100 ms)

AssetImportParameters requested are different than current active one (requested -> active):
  graphicsApiMask: 131076 -> 4
  custom:framework-win-MediaFoundation: 216162199b28c13a410421893ffa2e32 -> 
  custom:video-decoder-ogg-theora: a1e56fd34408186e4bbccfd4996cb3dc -> 
  custom:container-muxer-webm: aa71ff27fc2769a1b78a27578f13a17b -> 
  custom:container-demuxer-webm: 4f35f7cbe854078d1ac9338744f61a02 -> 
  custom:container-demuxer-ogg: 62fdf1f143b41e24485cea50d1cbac27 -> 
  custom:video-encoder-webm-vp8: eb34c28f22e8b96e1ab97ce403110664 -> 
  custom:video-decoder-webm-vp8: 9c59270c3fd7afecdb556c50c9e8de78 -> 
  custom:audio-decoder-ogg-vorbis: bf7c407c2cedff20999df2af8eb42d56 -> 
  custom:audio-encoder-webm-vorbis: bf7c407c2cedff20999df2af8eb42d56 -> 
========================================================================
Received Import Request.
  Time since last request: 100.562645 seconds.
  path: Assets/Scripts/CharacterController.cs
  artifactKey: Guid(679a3728ca5d64c469888ec894f846c2) Importer(815301076,1909f56bfc062723c751e8b465ee728b)
Start importing Assets/Scripts/CharacterController.cs using Guid(679a3728ca5d64c469888ec894f846c2) Importer(815301076,1909f56bfc062723c751e8b465ee728b)  -> (artifact id: '94bfb91156d2701f47255fa383da12f1') in 0.045849 seconds 
  Import took 0.069904 seconds .

========================================================================
Received Prepare
Registering precompiled user dll's ...
Registered in 0.028207 seconds.
Begin MonoManager ReloadAssembly
Native extension for WindowsStandalone target not found
Native extension for WebGL target not found
Refreshing native plugins compatible for Editor in 1.15 ms, found 2 plugins.
Preloading 0 native plugins for Editor in 0.00 ms.
Mono: successfully reloaded assembly
- Completed reload, in  5.535 seconds
Domain Reload Profiling:
	ReloadAssembly (5573ms)
		BeginReloadAssembly (2235ms)
			ExecutionOrderSort (0ms)
			DisableScriptedObjects (133ms)
			BackupInstance (0ms)
			ReleaseScriptingObjects (9ms)
			CreateAndSetChildDomain (1641ms)
		EndReloadAssembly (3078ms)
			LoadAssemblies (365ms)
			RebuildTransferFunctionScriptingTraits (0ms)
			SetupTypeCache (917ms)
			ReleaseScriptCaches (6ms)
			RebuildScriptCaches (124ms)
			SetupLoadedEditorAssemblies (1167ms)
				LogAssemblyErrors (0ms)
				InitializePlatformSupportModulesInManaged (21ms)
				SetLoadedEditorAssemblies (2ms)
				RefreshPlugins (1ms)
				BeforeProcessingInitializeOnLoad (298ms)
				ProcessInitializeOnLoadAttributes (824ms)
				ProcessInitializeOnLoadMethodAttributes (5ms)
				AfterProcessingInitializeOnLoad (14ms)
				EditorAssembliesLoaded (1ms)
			ExecutionOrderSort2 (0ms)
			AwakeInstancesAfterBackupRestoration (27ms)
Platform modules already initialized, skipping
Shader 'Universal Render Pipeline/Particles/Lit': fallback shader 'Universal Render Pipeline/Particles/SimpleLit' not found
Refreshing native plugins compatible for Editor in 1.04 ms, found 2 plugins.
Preloading 0 native plugins for Editor in 0.00 ms.
Unloading 2595 Unused Serialized files (Serialized files now loaded: 0)
System memory in use before: 135.6 MB.
System memory in use after: 135.8 MB.

Unloading 14 unused Assets to reduce memory usage. Loaded Objects now: 3229.
Total: 13.331100 ms (FindLiveObjects: 1.231400 ms CreateObjectMapping: 0.125000 ms MarkObjects: 11.891700 ms  DeleteObjects: 0.079300 ms)

AssetImportParameters requested are different than current active one (requested -> active):
  graphicsApiMask: 131076 -> 4
  custom:framework-win-MediaFoundation: 216162199b28c13a410421893ffa2e32 -> 
  custom:video-decoder-ogg-theora: a1e56fd34408186e4bbccfd4996cb3dc -> 
  custom:container-muxer-webm: aa71ff27fc2769a1b78a27578f13a17b -> 
  custom:container-demuxer-webm: 4f35f7cbe854078d1ac9338744f61a02 -> 
  custom:container-demuxer-ogg: 62fdf1f143b41e24485cea50d1cbac27 -> 
  custom:video-encoder-webm-vp8: eb34c28f22e8b96e1ab97ce403110664 -> 
  custom:video-decoder-webm-vp8: 9c59270c3fd7afecdb556c50c9e8de78 -> 
  custom:audio-decoder-ogg-vorbis: bf7c407c2cedff20999df2af8eb42d56 -> 
  custom:audio-encoder-webm-vorbis: bf7c407c2cedff20999df2af8eb42d56 -> 
========================================================================
Received Prepare
Registering precompiled user dll's ...
Registered in 0.041763 seconds.
Begin MonoManager ReloadAssembly
Native extension for WindowsStandalone target not found
Native extension for WebGL target not found
Refreshing native plugins compatible for Editor in 6.08 ms, found 2 plugins.
Preloading 0 native plugins for Editor in 0.00 ms.
Mono: successfully reloaded assembly
- Completed reload, in  4.221 seconds
Domain Reload Profiling:
	ReloadAssembly (4261ms)
		BeginReloadAssembly (1487ms)
			ExecutionOrderSort (0ms)
			DisableScriptedObjects (189ms)
			BackupInstance (0ms)
			ReleaseScriptingObjects (3ms)
			CreateAndSetChildDomain (748ms)
		EndReloadAssembly (2527ms)
			LoadAssemblies (508ms)
			RebuildTransferFunctionScriptingTraits (1ms)
			SetupTypeCache (716ms)
			ReleaseScriptCaches (5ms)
			RebuildScriptCaches (83ms)
			SetupLoadedEditorAssemblies (905ms)
				LogAssemblyErrors (0ms)
				InitializePlatformSupportModulesInManaged (32ms)
				SetLoadedEditorAssemblies (5ms)
				RefreshPlugins (6ms)
				BeforeProcessingInitializeOnLoad (251ms)
				ProcessInitializeOnLoadAttributes (586ms)
				ProcessInitializeOnLoadMethodAttributes (8ms)
				AfterProcessingInitializeOnLoad (15ms)
				EditorAssembliesLoaded (1ms)
			ExecutionOrderSort2 (0ms)
			AwakeInstancesAfterBackupRestoration (31ms)
Platform modules already initialized, skipping
Shader 'Universal Render Pipeline/Particles/Lit': fallback shader 'Universal Render Pipeline/Particles/SimpleLit' not found
Refreshing native plugins compatible for Editor in 0.79 ms, found 2 plugins.
Preloading 0 native plugins for Editor in 0.00 ms.
Unloading 2595 Unused Serialized files (Serialized files now loaded: 0)
System memory in use before: 135.6 MB.
System memory in use after: 135.9 MB.

Unloading 14 unused Assets to reduce memory usage. Loaded Objects now: 3231.
Total: 20.050600 ms (FindLiveObjects: 3.454700 ms CreateObjectMapping: 0.662500 ms MarkObjects: 15.777700 ms  DeleteObjects: 0.145900 ms)

AssetImportParameters requested are different than current active one (requested -> active):
  graphicsApiMask: 131076 -> 4
  custom:framework-win-MediaFoundation: 216162199b28c13a410421893ffa2e32 -> 
  custom:video-decoder-ogg-theora: a1e56fd34408186e4bbccfd4996cb3dc -> 
  custom:container-muxer-webm: aa71ff27fc2769a1b78a27578f13a17b -> 
  custom:container-demuxer-webm: 4f35f7cbe854078d1ac9338744f61a02 -> 
  custom:container-demuxer-ogg: 62fdf1f143b41e24485cea50d1cbac27 -> 
  custom:video-encoder-webm-vp8: eb34c28f22e8b96e1ab97ce403110664 -> 
  custom:video-decoder-webm-vp8: 9c59270c3fd7afecdb556c50c9e8de78 -> 
  custom:audio-decoder-ogg-vorbis: bf7c407c2cedff20999df2af8eb42d56 -> 
  custom:audio-encoder-webm-vorbis: bf7c407c2cedff20999df2af8eb42d56 -> 
========================================================================
Received Import Request.
  Time since last request: 588.989863 seconds.
  path: Assets/Models/Guns/SCAR_N.tga
  artifactKey: Guid(7a9bfedd8b1fe7740980d6b9bb74d603) Importer(815301076,1909f56bfc062723c751e8b465ee728b)
Start importing Assets/Models/Guns/SCAR_N.tga using Guid(7a9bfedd8b1fe7740980d6b9bb74d603) Importer(815301076,1909f56bfc062723c751e8b465ee728b)  -> (artifact id: 'b6668aaeb3fc1c3d64f76f3fe725f0f9') in 2.574869 seconds 
  Import took 3.084219 seconds .

========================================================================
Received Import Request.
  Time since last request: 6.209980 seconds.
  path: Assets/Models/Guns/SCAR_N.mat
  artifactKey: Guid(efbf6d5eb73da8b4f9be60598a7a072d) Importer(815301076,1909f56bfc062723c751e8b465ee728b)
Start importing Assets/Models/Guns/SCAR_N.mat using Guid(efbf6d5eb73da8b4f9be60598a7a072d) Importer(815301076,1909f56bfc062723c751e8b465ee728b)  -> (artifact id: '1731f2e18492d17c0e6b45f76e6b3555') in 1.131457 seconds 
  Import took 1.147344 seconds .

========================================================================
Received Import Request.
  Time since last request: 13.080045 seconds.
  path: Assets/Models/Guns/Assault Rifle (SCAR).blend
  artifactKey: Guid(e3a0fadfa9c9d784da3364991a6226ec) Importer(815301076,1909f56bfc062723c751e8b465ee728b)
Start importing Assets/Models/Guns/Assault Rifle (SCAR).blend using Guid(e3a0fadfa9c9d784da3364991a6226ec) Importer(815301076,1909f56bfc062723c751e8b465ee728b)  -> (artifact id: '87a85c37214e57edfd35dd6fa80e85ec') in 1.252720 seconds 
  Import took 1.373190 seconds .

========================================================================
Received Import Request.
  Time since last request: 51.871698 seconds.
  path: Assets/Models/Guns/SCAR_N.mat
  artifactKey: Guid(efbf6d5eb73da8b4f9be60598a7a072d) Importer(815301076,1909f56bfc062723c751e8b465ee728b)
Start importing Assets/Models/Guns/SCAR_N.mat using Guid(efbf6d5eb73da8b4f9be60598a7a072d) Importer(815301076,1909f56bfc062723c751e8b465ee728b)  -> (artifact id: '1eccaad19896e9aa726d7cd42cf66179') in 0.352726 seconds 
  Import took 0.424842 seconds .

AssetImportWorkerClient::OnTransportError - code=2 error=End of file
